0 info it worked if it ends with ok
1 verbose cli [ 'C:\\Program Files\\nodejs\\node.exe',
1 verbose cli   'C:\\Program Files\\nodejs\\node_modules\\npm\\bin\\npm-cli.js',
1 verbose cli   'install' ]
2 info using npm@3.10.9
3 info using node@v6.9.2
4 silly loadCurrentTree Starting
5 silly install loadCurrentTree
6 silly install readLocalPackageData
7 silly install normalizeTree
8 silly loadCurrentTree Finishing
9 silly loadIdealTree Starting
10 silly install loadIdealTree
11 silly cloneCurrentTree Starting
12 silly install cloneCurrentTreeToIdealTree
13 silly cloneCurrentTree Finishing
14 silly loadShrinkwrap Starting
15 silly install loadShrinkwrap
16 silly loadShrinkwrap Finishing
17 silly loadAllDepsIntoIdealTree Starting
18 silly install loadAllDepsIntoIdealTree
19 silly fetchOtherPackageData webpack-stream@github:jeroennoten/webpack-stream#patch-1
20 silly cache add args [ 'webpack-stream@github:jeroennoten/webpack-stream#patch-1',
20 silly cache add   null ]
21 verbose cache add spec webpack-stream@github:jeroennoten/webpack-stream#patch-1
22 silly cache add parsed spec Result {
22 silly cache add   raw: 'webpack-stream@github:jeroennoten/webpack-stream#patch-1',
22 silly cache add   scope: null,
22 silly cache add   escapedName: 'webpack-stream',
22 silly cache add   name: 'webpack-stream',
22 silly cache add   rawSpec: 'github:jeroennoten/webpack-stream#patch-1',
22 silly cache add   spec: 'github:jeroennoten/webpack-stream#patch-1',
22 silly cache add   type: 'hosted',
22 silly cache add   hosted:
22 silly cache add    { type: 'github',
22 silly cache add      ssh: 'git@github.com:jeroennoten/webpack-stream.git#patch-1',
22 silly cache add      sshUrl: 'git+ssh://git@github.com/jeroennoten/webpack-stream.git#patch-1',
22 silly cache add      httpsUrl: 'git+https://github.com/jeroennoten/webpack-stream.git#patch-1',
22 silly cache add      gitUrl: 'git://github.com/jeroennoten/webpack-stream.git#patch-1',
22 silly cache add      shortcut: 'github:jeroennoten/webpack-stream#patch-1',
22 silly cache add      directUrl: 'https://raw.githubusercontent.com/jeroennoten/webpack-stream/patch-1/package.json' } }
23 verbose addRemoteGit caching github:jeroennoten/webpack-stream#patch-1
24 verbose addRemoteGit jeroennoten/webpack-stream#patch-1 is a repository hosted by github
25 silly tryGitProto attempting to clone git://github.com/jeroennoten/webpack-stream.git#patch-1
26 silly tryClone cloning jeroennoten/webpack-stream#patch-1 via git://github.com/jeroennoten/webpack-stream.git#patch-1
27 verbose tryClone git-github-com-jeroennoten-webpack-stream-git-patch-1-5e1462f4 not in flight; caching
28 verbose correctMkdir C:\Users\KHADAFI\AppData\Roaming\npm-cache\_git-remotes correctMkdir not in flight; initializing
29 info git [ 'config', '--get', 'remote.origin.url' ]
30 silly validateExistingRemote jeroennoten/webpack-stream#patch-1 remote.origin.url: git://github.com/jeroennoten/webpack-stream.git
31 verbose validateExistingRemote jeroennoten/webpack-stream#patch-1 is updating existing cached remote C:\Users\KHADAFI\AppData\Roaming\npm-cache\_git-remotes\git-github-com-jeroennoten-webpack-stream-git-patch-1-5e1462f4
32 info git [ 'fetch', '-a', 'origin' ]
33 error git fetch -a origin (git://github.com/jeroennoten/webpack-stream.git) fatal: Unable to look up github.com (port 9418) (No such host is known. )
34 silly tryHTTPS attempting to clone git+https://github.com/jeroennoten/webpack-stream.git#patch-1
35 silly tryClone cloning jeroennoten/webpack-stream#patch-1 via git+https://github.com/jeroennoten/webpack-stream.git#patch-1
36 verbose tryClone git-https-github-com-jeroennoten-webpack-stream-git-patch-1-60be6dae not in flight; caching
37 verbose correctMkdir C:\Users\KHADAFI\AppData\Roaming\npm-cache\_git-remotes correctMkdir not in flight; initializing
38 info git [ 'clone',
38 info git   '--template=C:\\Users\\KHADAFI\\AppData\\Roaming\\npm-cache\\_git-remotes\\_templates',
38 info git   '--mirror',
38 info git   'https://github.com/jeroennoten/webpack-stream.git',
38 info git   'C:\\Users\\KHADAFI\\AppData\\Roaming\\npm-cache\\_git-remotes\\git-https-github-com-jeroennoten-webpack-stream-git-patch-1-60be6dae' ]
39 verbose git clone --template=C:\Users\KHADAFI\AppData\Roaming\npm-cache\_git-remotes\_templates --mirror https://github.com/jeroennoten/webpack-stream.git C:\Users\KHADAFI\AppData\Roaming\npm-cache\_git-remotes\git-https-github-com-jeroennoten-webpack-stream-git-patch-1-60be6dae: Cloning into bare repository 'C:\Users\KHADAFI\AppData\Roaming\npm-cache\_git-remotes\git-https-github-com-jeroennoten-webpack-stream-git-patch-1-60be6dae'...
39 verbose git clone --template=C:\Users\KHADAFI\AppData\Roaming\npm-cache\_git-remotes\_templates --mirror https://github.com/jeroennoten/webpack-stream.git C:\Users\KHADAFI\AppData\Roaming\npm-cache\_git-remotes\git-https-github-com-jeroennoten-webpack-stream-git-patch-1-60be6dae: fatal: unable to access 'https://github.com/jeroennoten/webpack-stream.git/': Couldn't resolve host 'github.com'
40 silly trySSH attempting to clone git@github.com:jeroennoten/webpack-stream.git#patch-1
41 silly tryClone cloning jeroennoten/webpack-stream#patch-1 via git@github.com:jeroennoten/webpack-stream.git#patch-1
42 verbose tryClone git-github-com-jeroennoten-webpack-stream-git-patch-1-b24e730a not in flight; caching
43 verbose correctMkdir C:\Users\KHADAFI\AppData\Roaming\npm-cache\_git-remotes correctMkdir not in flight; initializing
44 info git [ 'clone',
44 info git   '--template=C:\\Users\\KHADAFI\\AppData\\Roaming\\npm-cache\\_git-remotes\\_templates',
44 info git   '--mirror',
44 info git   'git@github.com:jeroennoten/webpack-stream.git',
44 info git   'C:\\Users\\KHADAFI\\AppData\\Roaming\\npm-cache\\_git-remotes\\git-github-com-jeroennoten-webpack-stream-git-patch-1-b24e730a' ]
45 error git clone --template=C:\Users\KHADAFI\AppData\Roaming\npm-cache\_git-remotes\_templates --mirror git@github.com:jeroennoten/webpack-stream.git C:\Users\KHADAFI\AppData\Roaming\npm-cache\_git-remotes\git-github-com-jeroennoten-webpack-stream-git-patch-1-b24e730a: Cloning into bare repository 'C:\Users\KHADAFI\AppData\Roaming\npm-cache\_git-remotes\git-github-com-jeroennoten-webpack-stream-git-patch-1-b24e730a'...
45 error git clone --template=C:\Users\KHADAFI\AppData\Roaming\npm-cache\_git-remotes\_templates --mirror git@github.com:jeroennoten/webpack-stream.git C:\Users\KHADAFI\AppData\Roaming\npm-cache\_git-remotes\git-github-com-jeroennoten-webpack-stream-git-patch-1-b24e730a: ssh: Could not resolve hostname github.com: Name or service not known
45 error git clone --template=C:\Users\KHADAFI\AppData\Roaming\npm-cache\_git-remotes\_templates --mirror git@github.com:jeroennoten/webpack-stream.git C:\Users\KHADAFI\AppData\Roaming\npm-cache\_git-remotes\git-github-com-jeroennoten-webpack-stream-git-patch-1-b24e730a: fatal: Could not read from remote repository.
45 error git clone --template=C:\Users\KHADAFI\AppData\Roaming\npm-cache\_git-remotes\_templates --mirror git@github.com:jeroennoten/webpack-stream.git C:\Users\KHADAFI\AppData\Roaming\npm-cache\_git-remotes\git-github-com-jeroennoten-webpack-stream-git-patch-1-b24e730a:
45 error git clone --template=C:\Users\KHADAFI\AppData\Roaming\npm-cache\_git-remotes\_templates --mirror git@github.com:jeroennoten/webpack-stream.git C:\Users\KHADAFI\AppData\Roaming\npm-cache\_git-remotes\git-github-com-jeroennoten-webpack-stream-git-patch-1-b24e730a: Please make sure you have the correct access rights
45 error git clone --template=C:\Users\KHADAFI\AppData\Roaming\npm-cache\_git-remotes\_templates --mirror git@github.com:jeroennoten/webpack-stream.git C:\Users\KHADAFI\AppData\Roaming\npm-cache\_git-remotes\git-github-com-jeroennoten-webpack-stream-git-patch-1-b24e730a: and the repository exists.
46 silly fetchPackageMetaData Error: Command failed: git -c core.longpaths=true clone --template=C:\Users\KHADAFI\AppData\Roaming\npm-cache\_git-remotes\_templates --mirror git@github.com:jeroennoten/webpack-stream.git C:\Users\KHADAFI\AppData\Roaming\npm-cache\_git-remotes\git-github-com-jeroennoten-webpack-stream-git-patch-1-b24e730a
46 silly fetchPackageMetaData Cloning into bare repository 'C:\Users\KHADAFI\AppData\Roaming\npm-cache\_git-remotes\git-github-com-jeroennoten-webpack-stream-git-patch-1-b24e730a'...
46 silly fetchPackageMetaData ssh: Could not resolve hostname github.com: Name or service not known
46 silly fetchPackageMetaData fatal: Could not read from remote repository.
46 silly fetchPackageMetaData
46 silly fetchPackageMetaData Please make sure you have the correct access rights
46 silly fetchPackageMetaData and the repository exists.
46 silly fetchPackageMetaData
46 silly fetchPackageMetaData     at ChildProcess.exithandler (child_process.js:206:12)
46 silly fetchPackageMetaData     at emitTwo (events.js:106:13)
46 silly fetchPackageMetaData     at ChildProcess.emit (events.js:191:7)
46 silly fetchPackageMetaData     at maybeClose (internal/child_process.js:877:16)
46 silly fetchPackageMetaData     at Process.ChildProcess._handle.onexit (internal/child_process.js:226:5)
46 silly fetchPackageMetaData  error for webpack-stream@github:jeroennoten/webpack-stream#patch-1 { Error: Command failed: git -c core.longpaths=true clone --template=C:\Users\KHADAFI\AppData\Roaming\npm-cache\_git-remotes\_templates --mirror git@github.com:jeroennoten/webpack-stream.git C:\Users\KHADAFI\AppData\Roaming\npm-cache\_git-remotes\git-github-com-jeroennoten-webpack-stream-git-patch-1-b24e730a
46 silly fetchPackageMetaData Cloning into bare repository 'C:\Users\KHADAFI\AppData\Roaming\npm-cache\_git-remotes\git-github-com-jeroennoten-webpack-stream-git-patch-1-b24e730a'...
46 silly fetchPackageMetaData ssh: Could not resolve hostname github.com: Name or service not known
46 silly fetchPackageMetaData fatal: Could not read from remote repository.
46 silly fetchPackageMetaData
46 silly fetchPackageMetaData Please make sure you have the correct access rights
46 silly fetchPackageMetaData and the repository exists.
46 silly fetchPackageMetaData
46 silly fetchPackageMetaData     at ChildProcess.exithandler (child_process.js:206:12)
46 silly fetchPackageMetaData     at emitTwo (events.js:106:13)
46 silly fetchPackageMetaData     at ChildProcess.emit (events.js:191:7)
46 silly fetchPackageMetaData     at maybeClose (internal/child_process.js:877:16)
46 silly fetchPackageMetaData     at Process.ChildProcess._handle.onexit (internal/child_process.js:226:5)
46 silly fetchPackageMetaData   killed: false,
46 silly fetchPackageMetaData   code: 128,
46 silly fetchPackageMetaData   signal: null,
46 silly fetchPackageMetaData   cmd: 'git -c core.longpaths=true clone --template=C:\\Users\\KHADAFI\\AppData\\Roaming\\npm-cache\\_git-remotes\\_templates --mirror git@github.com:jeroennoten/webpack-stream.git C:\\Users\\KHADAFI\\AppData\\Roaming\\npm-cache\\_git-remotes\\git-github-com-jeroennoten-webpack-stream-git-patch-1-b24e730a' }
47 silly rollbackFailedOptional Starting
48 silly rollbackFailedOptional Finishing
49 silly runTopLevelLifecycles Finishing
50 silly install printInstalled
51 verbose stack Error: Command failed: git -c core.longpaths=true clone --template=C:\Users\KHADAFI\AppData\Roaming\npm-cache\_git-remotes\_templates --mirror git@github.com:jeroennoten/webpack-stream.git C:\Users\KHADAFI\AppData\Roaming\npm-cache\_git-remotes\git-github-com-jeroennoten-webpack-stream-git-patch-1-b24e730a
51 verbose stack Cloning into bare repository 'C:\Users\KHADAFI\AppData\Roaming\npm-cache\_git-remotes\git-github-com-jeroennoten-webpack-stream-git-patch-1-b24e730a'...
51 verbose stack ssh: Could not resolve hostname github.com: Name or service not known
51 verbose stack fatal: Could not read from remote repository.
51 verbose stack
51 verbose stack Please make sure you have the correct access rights
51 verbose stack and the repository exists.
51 verbose stack
51 verbose stack     at ChildProcess.exithandler (child_process.js:206:12)
51 verbose stack     at emitTwo (events.js:106:13)
51 verbose stack     at ChildProcess.emit (events.js:191:7)
51 verbose stack     at maybeClose (internal/child_process.js:877:16)
51 verbose stack     at Process.ChildProcess._handle.onexit (internal/child_process.js:226:5)
52 verbose cwd c:\Users\KHADAFI\Documents\wahyu\code\viender\viender
53 error Windows_NT 10.0.14393
54 error argv "C:\\Program Files\\nodejs\\node.exe" "C:\\Program Files\\nodejs\\node_modules\\npm\\bin\\npm-cli.js" "install"
55 error node v6.9.2
56 error npm  v3.10.9
57 error code 128
58 error Command failed: git -c core.longpaths=true clone --template=C:\Users\KHADAFI\AppData\Roaming\npm-cache\_git-remotes\_templates --mirror git@github.com:jeroennoten/webpack-stream.git C:\Users\KHADAFI\AppData\Roaming\npm-cache\_git-remotes\git-github-com-jeroennoten-webpack-stream-git-patch-1-b24e730a
58 error Cloning into bare repository 'C:\Users\KHADAFI\AppData\Roaming\npm-cache\_git-remotes\git-github-com-jeroennoten-webpack-stream-git-patch-1-b24e730a'...
58 error ssh: Could not resolve hostname github.com: Name or service not known
58 error fatal: Could not read from remote repository.
58 error
58 error Please make sure you have the correct access rights
58 error and the repository exists.
59 error If you need help, you may report this error at:
59 error     <https://github.com/npm/npm/issues>
60 verbose exit [ 1, true ]
